src/components/features/video/PreCallCheck.tsx(82,22): error TS2552: Cannot find name 'isVideoOff'. Did you mean 'VideoOff'?
src/components/features/video/PreCallCheck.tsx(106,26): error TS2304: Cannot find name 'isMuted'.
src/components/features/video/PreCallCheck.tsx(114,54): error TS2304: Cannot find name 'audioLevel'.
src/components/features/video/PreCallCheck.tsx(124,38): error TS2304: Cannot find name 'toggleMute'.
src/components/features/video/PreCallCheck.tsx(127,33): error TS2304: Cannot find name 'isMuted'.
src/components/features/video/PreCallCheck.tsx(130,30): error TS2304: Cannot find name 'isMuted'.
src/components/features/video/PreCallCheck.tsx(135,38): error TS2304: Cannot find name 'toggleVideo'.
src/components/features/video/PreCallCheck.tsx(138,33): error TS2552: Cannot find name 'isVideoOff'. Did you mean 'VideoOff'?
src/components/features/video/PreCallCheck.tsx(141,30): error TS2552: Cannot find name 'isVideoOff'. Did you mean 'VideoOff'?
src/components/features/video/PreCallCheck.tsx(151,36): error TS2304: Cannot find name 'devices'.
src/components/features/video/PreCallCheck.tsx(152,51): error TS2304: Cannot find name 'setDevices'.
src/components/features/video/PreCallCheck.tsx(152,63): error TS7006: Parameter 'd' implicitly has an 'any' type.
src/components/features/video/PreCallCheck.tsx(161,34): error TS2304: Cannot find name 'devices'.
src/components/features/video/PreCallCheck.tsx(161,59): error TS7006: Parameter 'device' implicitly has an 'any' type.
src/components/features/video/PreCallCheck.tsx(173,36): error TS2304: Cannot find name 'devices'.
src/components/features/video/PreCallCheck.tsx(174,51): error TS2304: Cannot find name 'setDevices'.
src/components/features/video/PreCallCheck.tsx(174,63): error TS7006: Parameter 'd' implicitly has an 'any' type.
src/components/features/video/PreCallCheck.tsx(183,34): error TS2304: Cannot find name 'devices'.
src/components/features/video/PreCallCheck.tsx(183,59): error TS7006: Parameter 'device' implicitly has an 'any' type.
src/components/features/video/PreCallCheck.tsx(195,36): error TS2304: Cannot find name 'devices'.
src/components/features/video/PreCallCheck.tsx(196,51): error TS2304: Cannot find name 'setDevices'.
src/components/features/video/PreCallCheck.tsx(196,63): error TS7006: Parameter 'd' implicitly has an 'any' type.
src/components/features/video/PreCallCheck.tsx(205,34): error TS2304: Cannot find name 'devices'.
src/components/features/video/PreCallCheck.tsx(205,60): error TS7006: Parameter 'device' implicitly has an 'any' type.
src/components/features/video/PreCallCheck.tsx(221,30): error TS2304: Cannot find name 'renderCheckIcon'.
src/components/features/video/PreCallCheck.tsx(221,46): error TS2304: Cannot find name 'checks'.
src/components/features/video/PreCallCheck.tsx(225,30): error TS2304: Cannot find name 'renderCheckIcon'.
src/components/features/video/PreCallCheck.tsx(225,46): error TS2304: Cannot find name 'checks'.
src/components/features/video/PreCallCheck.tsx(229,30): error TS2304: Cannot find name 'renderCheckIcon'.
src/components/features/video/PreCallCheck.tsx(229,46): error TS2304: Cannot find name 'checks'.
src/components/features/video/PreCallCheck.tsx(233,30): error TS2304: Cannot find name 'renderCheckIcon'.
src/components/features/video/PreCallCheck.tsx(233,46): error TS2304: Cannot find name 'checks'.
src/components/features/video/PreCallCheck.tsx(246,36): error TS2304: Cannot find name 'allChecksPass'.
src/components/features/video/PreCallCheck.tsx(249,26): error TS2304: Cannot find name 'allChecksPass'.
